Using pre-set license
Built from '2021.3/staging' branch; Version is '2021.3.8f1 (b30333d56e81) revision 11731763'; Using compiler version '192829333'; Build Type 'Release'
OS: 'Windows 11  (10.0.22000) 64bit Professional' Language: 'en' Physical Memory: 32680 MB
BatchMode: 1, IsHumanControllingUs: 0, StartBugReporterOnCrash: 0, Is64bit: 1, IsPro: 1

COMMAND LINE ARGUMENTS:
C:\Program Files\Unity\Hub\Editor\2021.3.8f1\Editor\Unity.exe
-adb2
-batchMode
-noUpm
-name
AssetImportWorker3
-projectPath
C:/Users/gilbe/OneDrive/Documents/GitHub/Unity/the-lost-penguin/the-lost-penguin
-logFile
Logs/AssetImportWorker3.log
-srvPort
56197
Successfully changed project path to: C:/Users/gilbe/OneDrive/Documents/GitHub/Unity/the-lost-penguin/the-lost-penguin
C:/Users/gilbe/OneDrive/Documents/GitHub/Unity/the-lost-penguin/the-lost-penguin
[UnityMemory] Configuration Parameters - Can be set up in boot.config
    "memorysetup-bucket-allocator-granularity=16"
    "memorysetup-bucket-allocator-bucket-count=8"
    "memorysetup-bucket-allocator-block-size=33554432"
    "memorysetup-bucket-allocator-block-count=8"
    "memorysetup-main-allocator-block-size=16777216"
    "memorysetup-thread-allocator-block-size=16777216"
    "memorysetup-gfx-main-allocator-block-size=16777216"
    "memorysetup-gfx-thread-allocator-block-size=16777216"
    "memorysetup-cache-allocator-block-size=4194304"
    "memorysetup-typetree-allocator-block-size=2097152"
    "memorysetup-profiler-bucket-allocator-granularity=16"
    "memorysetup-profiler-bucket-allocator-bucket-count=8"
    "memorysetup-profiler-bucket-allocator-block-size=33554432"
    "memorysetup-profiler-bucket-allocator-block-count=8"
    "memorysetup-profiler-allocator-block-size=16777216"
    "memorysetup-profiler-editor-allocator-block-size=1048576"
    "memorysetup-temp-allocator-size-main=16777216"
    "memorysetup-job-temp-allocator-block-size=2097152"
    "memorysetup-job-temp-allocator-block-size-background=1048576"
    "memorysetup-job-temp-allocator-reduction-small-platforms=262144"
    "memorysetup-temp-allocator-size-background-worker=32768"
    "memorysetup-temp-allocator-size-job-worker=262144"
    "memorysetup-temp-allocator-size-preload-manager=33554432"
    "memorysetup-temp-allocator-size-nav-mesh-worker=65536"
    "memorysetup-temp-allocator-size-audio-worker=65536"
    "memorysetup-temp-allocator-size-cloud-worker=32768"
    "memorysetup-temp-allocator-size-gi-baking-worker=262144"
    "memorysetup-temp-allocator-size-gfx=262144"
Refreshing native plugins compatible for Editor in 102.64 ms, found 3 plugins.
Preloading 0 native plugins for Editor in 0.00 ms.
Initialize engine version: 2021.3.8f1 (b30333d56e81)
[Subsystems] Discovering subsystems at path C:/Program Files/Unity/Hub/Editor/2021.3.8f1/Editor/Data/Resources/UnitySubsystems
[Subsystems] Discovering subsystems at path C:/Users/gilbe/OneDrive/Documents/GitHub/Unity/the-lost-penguin/the-lost-penguin/Assets
GfxDevice: creating device client; threaded=0; jobified=0
Direct3D:
    Version:  Direct3D 11.0 [level 11.1]
    Renderer: NVIDIA GeForce RTX 3080 (ID=0x2216)
    Vendor:   NVIDIA
    VRAM:     10078 MB
    Driver:   31.0.15.1694
Initialize mono
Mono path[0] = 'C:/Program Files/Unity/Hub/Editor/2021.3.8f1/Editor/Data/Managed'
Mono path[1] = 'C:/Program Files/Unity/Hub/Editor/2021.3.8f1/Editor/Data/MonoBleedingEdge/lib/mono/unityjit-win32'
Mono config path = 'C:/Program Files/Unity/Hub/Editor/2021.3.8f1/Editor/Data/MonoBleedingEdge/etc'
Using monoOptions --debugger-agent=transport=dt_socket,embedding=1,server=y,suspend=n,address=127.0.0.1:56452
Begin MonoManager ReloadAssembly
Registering precompiled unity dll's ...
Register platform support module: C:/Program Files/Unity/Hub/Editor/2021.3.8f1/Editor/Data/PlaybackEngines/WebGLSupport/UnityEditor.WebGL.Extensions.dll
Register platform support module: C:/Program Files/Unity/Hub/Editor/2021.3.8f1/Editor/Data/PlaybackEngines/WindowsStandaloneSupport/UnityEditor.WindowsStandalone.Extensions.dll
Registered in 0.006445 seconds.
Native extension for WindowsStandalone target not found
Native extension for WebGL target not found
Refreshing native plugins compatible for Editor in 87.56 ms, found 3 plugins.
Preloading 0 native plugins for Editor in 0.00 ms.
Mono: successfully reloaded assembly
- Completed reload, in  0.510 seconds
Domain Reload Profiling:
	ReloadAssembly (510ms)
		BeginReloadAssembly (52ms)
			ExecutionOrderSort (0ms)
			DisableScriptedObjects (0ms)
			BackupInstance (0ms)
			ReleaseScriptingObjects (0ms)
			CreateAndSetChildDomain (1ms)
		EndReloadAssembly (373ms)
			LoadAssemblies (50ms)
			RebuildTransferFunctionScriptingTraits (0ms)
			SetupTypeCache (79ms)
			ReleaseScriptCaches (0ms)
			RebuildScriptCaches (26ms)
			SetupLoadedEditorAssemblies (226ms)
				LogAssemblyErrors (0ms)
				InitializePlatformSupportModulesInManaged (7ms)
				SetLoadedEditorAssemblies (0ms)
				RefreshPlugins (88ms)
				BeforeProcessingInitializeOnLoad (1ms)
				ProcessInitializeOnLoadAttributes (100ms)
				ProcessInitializeOnLoadMethodAttributes (31ms)
				AfterProcessingInitializeOnLoad (0ms)
				EditorAssembliesLoaded (0ms)
			ExecutionOrderSort2 (0ms)
			AwakeInstancesAfterBackupRestoration (0ms)
Platform modules already initialized, skipping
Registering precompiled user dll's ...
Registered in 0.006075 seconds.
Begin MonoManager ReloadAssembly
Symbol file LoadedFromMemory doesn't match image C:\Users\gilbe\OneDrive\Documents\GitHub\Unity\the-lost-penguin\the-lost-penguin\Library\PackageCache\com.unity.visualscripting@1.7.8\Editor\VisualScripting.Core\Dependencies\YamlDotNet\Unity.VisualScripting.YamlDotNet.dll
Symbol file LoadedFromMemory doesn't match image C:\Users\gilbe\OneDrive\Documents\GitHub\Unity\the-lost-penguin\the-lost-penguin\Library\PackageCache\com.unity.visualscripting@1.7.8\Editor\VisualScripting.Core\Dependencies\DotNetZip\Unity.VisualScripting.IonicZip.dll
Native extension for WindowsStandalone target not found
Native extension for WebGL target not found
Refreshing native plugins compatible for Editor in 84.14 ms, found 3 plugins.
Preloading 0 native plugins for Editor in 0.00 ms.
Mono: successfully reloaded assembly
- Completed reload, in  0.985 seconds
Domain Reload Profiling:
	ReloadAssembly (986ms)
		BeginReloadAssembly (76ms)
			ExecutionOrderSort (0ms)
			DisableScriptedObjects (4ms)
			BackupInstance (0ms)
			ReleaseScriptingObjects (0ms)
			CreateAndSetChildDomain (15ms)
		EndReloadAssembly (830ms)
			LoadAssemblies (63ms)
			RebuildTransferFunctionScriptingTraits (0ms)
			SetupTypeCache (208ms)
			ReleaseScriptCaches (1ms)
			RebuildScriptCaches (44ms)
			SetupLoadedEditorAssemblies (478ms)
				LogAssemblyErrors (0ms)
				InitializePlatformSupportModulesInManaged (5ms)
				SetLoadedEditorAssemblies (0ms)
				RefreshPlugins (84ms)
				BeforeProcessingInitializeOnLoad (101ms)
				ProcessInitializeOnLoadAttributes (215ms)
				ProcessInitializeOnLoadMethodAttributes (67ms)
				AfterProcessingInitializeOnLoad (6ms)
				EditorAssembliesLoaded (0ms)
			ExecutionOrderSort2 (0ms)
			AwakeInstancesAfterBackupRestoration (4ms)
Platform modules already initialized, skipping
========================================================================
Worker process is ready to serve import requests
Failed to load shader (instanceID 556, GUID 493b79ea9c9be44ed8b702014d3ac49c)
Failed to load shader (instanceID 570, GUID 9c442dc870b456e48b615cd8add0e9ef)
Launched and connected shader compiler UnityShaderCompiler.exe after 0.03 seconds
Refreshing native plugins compatible for Editor in 1.01 ms, found 3 plugins.
Preloading 0 native plugins for Editor in 0.00 ms.
Unloading 5182 Unused Serialized files (Serialized files now loaded: 0)
Unloading 36 unused Assets / (0.7 MB). Loaded Objects now: 5635.
Memory consumption went from 204.4 MB to 203.7 MB.
Total: 3.389500 ms (FindLiveObjects: 0.356800 ms CreateObjectMapping: 0.135600 ms MarkObjects: 2.614800 ms  DeleteObjects: 0.281400 ms)

AssetImportParameters requested are different than current active one (requested -> active):
  custom:video-decoder-ogg-theora: a1e56fd34408186e4bbccfd4996cb3dc -> 
  custom:container-muxer-webm: aa71ff27fc2769a1b78a27578f13a17b -> 
  custom:container-demuxer-webm: 4f35f7cbe854078d1ac9338744f61a02 -> 
  custom:video-encoder-webm-vp8: eb34c28f22e8b96e1ab97ce403110664 -> 
  custom:audio-encoder-webm-vorbis: bf7c407c2cedff20999df2af8eb42d56 -> 
  custom:framework-win-MediaFoundation: 216162199b28c13a410421893ffa2e32 -> 
  custom:container-demuxer-ogg: 62fdf1f143b41e24485cea50d1cbac27 -> 
  custom:video-decoder-webm-vp8: 9c59270c3fd7afecdb556c50c9e8de78 -> 
  custom:audio-decoder-ogg-vorbis: bf7c407c2cedff20999df2af8eb42d56 -> 
========================================================================
Received Import Request.
  Time since last request: 554200.600488 seconds.
  path: Assets/Quirky Series Vol.1 [v1.3]/Arctic Vol.1/Textures/T_PolarBear.png
  artifactKey: Guid(f24f5fc0e2e9dd64babb51dff99df551) Importer(815301076,1909f56bfc062723c751e8b465ee728b)
Start importing Assets/Quirky Series Vol.1 [v1.3]/Arctic Vol.1/Textures/T_PolarBear.png using Guid(f24f5fc0e2e9dd64babb51dff99df551) Importer(815301076,1909f56bfc062723c751e8b465ee728b)  -> (artifact id: '22f21baaabba566d6df24fde6e38b1e3') in 0.055788 seconds 
========================================================================
Received Import Request.
  Time since last request: 0.000023 seconds.
  path: Assets/Quirky Series Vol.1 [v1.3]/Arctic Vol.1/Textures/T_SnowOwl.png
  artifactKey: Guid(f45d07bf153ef0e4a99d8827961819d3) Importer(815301076,1909f56bfc062723c751e8b465ee728b)
Start importing Assets/Quirky Series Vol.1 [v1.3]/Arctic Vol.1/Textures/T_SnowOwl.png using Guid(f45d07bf153ef0e4a99d8827961819d3) Importer(815301076,1909f56bfc062723c751e8b465ee728b)  -> (artifact id: 'f98d85f9ea3f834862a6c79c1103cc4a') in 0.008996 seconds 
========================================================================
Received Import Request.
  Time since last request: 2.286952 seconds.
  path: Assets/Quirky Series Vol.1 [v1.3]/Arctic Vol.1/Materials/M_PolarBear.mat
  artifactKey: Guid(a828927f7d61c904fa91418dc5349ca5) Importer(815301076,1909f56bfc062723c751e8b465ee728b)
Start importing Assets/Quirky Series Vol.1 [v1.3]/Arctic Vol.1/Materials/M_PolarBear.mat using Guid(a828927f7d61c904fa91418dc5349ca5) Importer(815301076,1909f56bfc062723c751e8b465ee728b)  -> (artifact id: '6c1dfaa567860e576a93d0b1f1fbfde6') in 0.128345 seconds 
========================================================================
Received Import Request.
  Time since last request: 0.000022 seconds.
  path: Assets/Quirky Series Vol.1 [v1.3]/Arctic Vol.1/Materials/M_SnowWeasel.mat
  artifactKey: Guid(464ac979dfa526b4c9f6d26b4da2ece5) Importer(815301076,1909f56bfc062723c751e8b465ee728b)
Start importing Assets/Quirky Series Vol.1 [v1.3]/Arctic Vol.1/Materials/M_SnowWeasel.mat using Guid(464ac979dfa526b4c9f6d26b4da2ece5) Importer(815301076,1909f56bfc062723c751e8b465ee728b)  -> (artifact id: 'd3a1007f162e853a2f11df32582ed50d') in 0.014425 seconds 
========================================================================
Received Import Request.
  Time since last request: 2.018482 seconds.
  path: Assets/Quirky Series Vol.1 [v1.3]/Arctic Vol.1/Animations/PolarBear_Animations.fbx
  artifactKey: Guid(05c4576ac5b0c58449cde65534b5811e) Importer(815301076,1909f56bfc062723c751e8b465ee728b)
Start importing Assets/Quirky Series Vol.1 [v1.3]/Arctic Vol.1/Animations/PolarBear_Animations.fbx using Guid(05c4576ac5b0c58449cde65534b5811e) Importer(815301076,1909f56bfc062723c751e8b465ee728b)  -> (artifact id: '4d48f9a6c886371ee2314ffa76eeb211') in 0.062893 seconds 
========================================================================
Received Import Request.
  Time since last request: 0.000026 seconds.
  path: Assets/Quirky Series Vol.1 [v1.3]/Arctic Vol.1/Animations/SnowWeasel_Animations.fbx
  artifactKey: Guid(628eb22418ed49745a51cbe46a6f744a) Importer(815301076,1909f56bfc062723c751e8b465ee728b)
Start importing Assets/Quirky Series Vol.1 [v1.3]/Arctic Vol.1/Animations/SnowWeasel_Animations.fbx using Guid(628eb22418ed49745a51cbe46a6f744a) Importer(815301076,1909f56bfc062723c751e8b465ee728b)  -> (artifact id: 'f65fef37cbb332888f4bb1681c4493ed') in 0.032069 seconds 
========================================================================
Received Import Request.
  Time since last request: 9.943331 seconds.
  path: Assets/Quirky Series/Arctic/Penguin/Prefabs/Penguin_LOD2.prefab
  artifactKey: Guid(b0152d4d2cf4e1f47b3191ecec080241) Importer(815301076,1909f56bfc062723c751e8b465ee728b)
Start importing Assets/Quirky Series/Arctic/Penguin/Prefabs/Penguin_LOD2.prefab using Guid(b0152d4d2cf4e1f47b3191ecec080241) Importer(815301076,1909f56bfc062723c751e8b465ee728b)  -> (artifact id: '03de814010a8428fb1125e15d961eb71') in 0.015501 seconds 
========================================================================
Received Import Request.
  Time since last request: 1.738507 seconds.
  path: Assets/Quirky Series/Arctic/Penguin/Models/Penguin_LOD3.fbx
  artifactKey: Guid(69852bed51dae484a972f9467b2f66fa) Importer(815301076,1909f56bfc062723c751e8b465ee728b)
Start importing Assets/Quirky Series/Arctic/Penguin/Models/Penguin_LOD3.fbx using Guid(69852bed51dae484a972f9467b2f66fa) Importer(815301076,1909f56bfc062723c751e8b465ee728b)  -> (artifact id: '65d47106920f009b09dc0da735ff5d42') in 0.021941 seconds 
========================================================================
Received Import Request.
  Time since last request: 15.189509 seconds.
  path: Assets/Low poly snowy lands/Prefabs/Log_01_+_snow.prefab
  artifactKey: Guid(88afdb984b985b74e99e32ef7c0116fd) Importer(815301076,1909f56bfc062723c751e8b465ee728b)
Start importing Assets/Low poly snowy lands/Prefabs/Log_01_+_snow.prefab using Guid(88afdb984b985b74e99e32ef7c0116fd) Importer(815301076,1909f56bfc062723c751e8b465ee728b)  -> (artifact id: '2e2ff2a4ae8b165aab9b356f56e609aa') in 0.013459 seconds 
========================================================================
Received Import Request.
  Time since last request: 0.000014 seconds.
  path: Assets/Low poly snowy lands/Prefabs/SnowTrack.prefab
  artifactKey: Guid(14b6f1d94b1dbc34eb78da34369d18ae) Importer(815301076,1909f56bfc062723c751e8b465ee728b)
Start importing Assets/Low poly snowy lands/Prefabs/SnowTrack.prefab using Guid(14b6f1d94b1dbc34eb78da34369d18ae) Importer(815301076,1909f56bfc062723c751e8b465ee728b)  -> (artifact id: 'ee4b0ab989e2065cfa86ec6261de5553') in 0.016410 seconds 
========================================================================
Received Import Request.
  Time since last request: 0.000019 seconds.
  path: Assets/Low poly snowy lands/Prefabs/SnowBall.prefab
  artifactKey: Guid(1c29da7be6c6d764e9a3396ea58eaf03) Importer(815301076,1909f56bfc062723c751e8b465ee728b)
Start importing Assets/Low poly snowy lands/Prefabs/SnowBall.prefab using Guid(1c29da7be6c6d764e9a3396ea58eaf03) Importer(815301076,1909f56bfc062723c751e8b465ee728b)  -> (artifact id: 'fa0834d09b2cf3293fc45facf827c8bc') in 0.013295 seconds 
========================================================================
Received Import Request.
  Time since last request: 0.000019 seconds.
  path: Assets/Low poly snowy lands/Prefabs/Tree_08_+_snow.prefab
  artifactKey: Guid(5017a6930172b694b92d8efa34d44600) Importer(815301076,1909f56bfc062723c751e8b465ee728b)
Start importing Assets/Low poly snowy lands/Prefabs/Tree_08_+_snow.prefab using Guid(5017a6930172b694b92d8efa34d44600) Importer(815301076,1909f56bfc062723c751e8b465ee728b)  -> (artifact id: 'ba5258b5e9e5ad0e702ea7c7df8aa908') in 0.012922 seconds 
========================================================================
Received Import Request.
  Time since last request: 0.000019 seconds.
  path: Assets/Low poly snowy lands/Prefabs/TreeStump_01_+_snow.prefab
  artifactKey: Guid(472a65683e5a4174c832222c4b8caf74) Importer(815301076,1909f56bfc062723c751e8b465ee728b)
Start importing Assets/Low poly snowy lands/Prefabs/TreeStump_01_+_snow.prefab using Guid(472a65683e5a4174c832222c4b8caf74) Importer(815301076,1909f56bfc062723c751e8b465ee728b)  -> (artifact id: '3f9ec0a72cfe33d0d6d26ddcdfae2a30') in 0.018691 seconds 
========================================================================
Received Import Request.
  Time since last request: 0.000022 seconds.
  path: Assets/Low poly snowy lands/Prefabs/TreeStump_02_+_snow.prefab
  artifactKey: Guid(3a240799acf8a64438c0209cddc4c439) Importer(815301076,1909f56bfc062723c751e8b465ee728b)
Start importing Assets/Low poly snowy lands/Prefabs/TreeStump_02_+_snow.prefab using Guid(3a240799acf8a64438c0209cddc4c439) Importer(815301076,1909f56bfc062723c751e8b465ee728b)  -> (artifact id: '5f11d02ca2e08cf54d600b4af1b98e3c') in 0.012288 seconds 
========================================================================
Received Import Request.
  Time since last request: 0.000018 seconds.
  path: Assets/Low poly snowy lands/Prefabs/Rock_01.prefab
  artifactKey: Guid(4e9af0916ea1f67498afeb1d62ef2710) Importer(815301076,1909f56bfc062723c751e8b465ee728b)
Start importing Assets/Low poly snowy lands/Prefabs/Rock_01.prefab using Guid(4e9af0916ea1f67498afeb1d62ef2710) Importer(815301076,1909f56bfc062723c751e8b465ee728b)  -> (artifact id: '6e16235a3734dc2b6bc02459572babae') in 0.014989 seconds 
========================================================================
Received Import Request.
  Time since last request: 0.000025 seconds.
  path: Assets/Low poly snowy lands/Prefabs/Tree_03.prefab
  artifactKey: Guid(35eaabb62526cd9498797d8a15b9f97c) Importer(815301076,1909f56bfc062723c751e8b465ee728b)
Start importing Assets/Low poly snowy lands/Prefabs/Tree_03.prefab using Guid(35eaabb62526cd9498797d8a15b9f97c) Importer(815301076,1909f56bfc062723c751e8b465ee728b)  -> (artifact id: '55d2ae6bf46952af26b36a823fb56e1d') in 0.015237 seconds 
========================================================================
Received Import Request.
  Time since last request: 0.000019 seconds.
  path: Assets/Low poly snowy lands/Prefabs/Tree_04_+_snow.prefab
  artifactKey: Guid(4cd251272cfd8964da13faa24afb4fe6) Importer(815301076,1909f56bfc062723c751e8b465ee728b)
Start importing Assets/Low poly snowy lands/Prefabs/Tree_04_+_snow.prefab using Guid(4cd251272cfd8964da13faa24afb4fe6) Importer(815301076,1909f56bfc062723c751e8b465ee728b)  -> (artifact id: '9e1a6e279e1bab488c49386eb95960ba') in 0.011404 seconds 
========================================================================
Received Import Request.
  Time since last request: 64.813004 seconds.
  path: Assets/Materials/rock.mat
  artifactKey: Guid(1fce96573f0aa2342845b6072a51e8e7) Importer(815301076,1909f56bfc062723c751e8b465ee728b)
Start importing Assets/Materials/rock.mat using Guid(1fce96573f0aa2342845b6072a51e8e7) Importer(815301076,1909f56bfc062723c751e8b465ee728b)  -> (artifact id: 'ed114172548e7f726287b6037f3364b1') in 0.014456 seconds 
Editor requested this worker to shutdown with reason: Scaling down because of idle timeout
AssetImportWorker is now disconnected from the server
Process exiting
Exiting without the bug reporter. Application will terminate with return code 0