Using pre-set license
Built from '2021.3/staging' branch; Version is '2021.3.8f1 (b30333d56e81) revision 11731763'; Using compiler version '192829333'; Build Type 'Release'
OS: 'Windows 11  (10.0.22000) 64bit Core' Language: 'en' Physical Memory: 20279 MB
BatchMode: 1, IsHumanControllingUs: 0, StartBugReporterOnCrash: 0, Is64bit: 1, IsPro: 1

COMMAND LINE ARGUMENTS:
C:\Program Files\Unity\Hub\Editor\2021.3.8f1\Editor\Unity.exe
-adb2
-batchMode
-noUpm
-name
AssetImportWorker2
-projectPath
C:/Users/uchen/OneDrive/Desktop/Unity/Unity Projects/the-lost-penguin/the-lost-penguin
-logFile
Logs/AssetImportWorker2.log
-srvPort
63682
Successfully changed project path to: C:/Users/uchen/OneDrive/Desktop/Unity/Unity Projects/the-lost-penguin/the-lost-penguin
C:/Users/uchen/OneDrive/Desktop/Unity/Unity Projects/the-lost-penguin/the-lost-penguin
[UnityMemory] Configuration Parameters - Can be set up in boot.config
    "memorysetup-bucket-allocator-granularity=16"
    "memorysetup-bucket-allocator-bucket-count=8"
    "memorysetup-bucket-allocator-block-size=33554432"
    "memorysetup-bucket-allocator-block-count=8"
    "memorysetup-main-allocator-block-size=16777216"
    "memorysetup-thread-allocator-block-size=16777216"
    "memorysetup-gfx-main-allocator-block-size=16777216"
    "memorysetup-gfx-thread-allocator-block-size=16777216"
    "memorysetup-cache-allocator-block-size=4194304"
    "memorysetup-typetree-allocator-block-size=2097152"
    "memorysetup-profiler-bucket-allocator-granularity=16"
    "memorysetup-profiler-bucket-allocator-bucket-count=8"
    "memorysetup-profiler-bucket-allocator-block-size=33554432"
    "memorysetup-profiler-bucket-allocator-block-count=8"
    "memorysetup-profiler-allocator-block-size=16777216"
    "memorysetup-profiler-editor-allocator-block-size=1048576"
    "memorysetup-temp-allocator-size-main=16777216"
    "memorysetup-job-temp-allocator-block-size=2097152"
    "memorysetup-job-temp-allocator-block-size-background=1048576"
    "memorysetup-job-temp-allocator-reduction-small-platforms=262144"
    "memorysetup-temp-allocator-size-background-worker=32768"
    "memorysetup-temp-allocator-size-job-worker=262144"
    "memorysetup-temp-allocator-size-preload-manager=33554432"
    "memorysetup-temp-allocator-size-nav-mesh-worker=65536"
    "memorysetup-temp-allocator-size-audio-worker=65536"
    "memorysetup-temp-allocator-size-cloud-worker=32768"
    "memorysetup-temp-allocator-size-gi-baking-worker=262144"
    "memorysetup-temp-allocator-size-gfx=262144"
Refreshing native plugins compatible for Editor in 433.69 ms, found 3 plugins.
Preloading 0 native plugins for Editor in 0.00 ms.
Initialize engine version: 2021.3.8f1 (b30333d56e81)
[Subsystems] Discovering subsystems at path C:/Program Files/Unity/Hub/Editor/2021.3.8f1/Editor/Data/Resources/UnitySubsystems
[Subsystems] Discovering subsystems at path C:/Users/uchen/OneDrive/Desktop/Unity/Unity Projects/the-lost-penguin/the-lost-penguin/Assets
GfxDevice: creating device client; threaded=0; jobified=0
Direct3D:
    Version:  Direct3D 11.0 [level 11.1]
    Renderer: Intel(R) UHD Graphics (ID=0x9a78)
    Vendor:   Intel
    VRAM:     10139 MB
    Driver:   30.0.101.1692
Initialize mono
Mono path[0] = 'C:/Program Files/Unity/Hub/Editor/2021.3.8f1/Editor/Data/Managed'
Mono path[1] = 'C:/Program Files/Unity/Hub/Editor/2021.3.8f1/Editor/Data/MonoBleedingEdge/lib/mono/unityjit-win32'
Mono config path = 'C:/Program Files/Unity/Hub/Editor/2021.3.8f1/Editor/Data/MonoBleedingEdge/etc'
Using monoOptions --debugger-agent=transport=dt_socket,embedding=1,server=y,suspend=n,address=127.0.0.1:56260
Begin MonoManager ReloadAssembly
Registering precompiled unity dll's ...
Register platform support module: C:/Program Files/Unity/Hub/Editor/2021.3.8f1/Editor/Data/PlaybackEngines/WebGLSupport/UnityEditor.WebGL.Extensions.dll
Register platform support module: C:/Program Files/Unity/Hub/Editor/2021.3.8f1/Editor/Data/PlaybackEngines/WindowsStandaloneSupport/UnityEditor.WindowsStandalone.Extensions.dll
Registered in 0.006373 seconds.
Native extension for WindowsStandalone target not found
Native extension for WebGL target not found
Refreshing native plugins compatible for Editor in 180.32 ms, found 3 plugins.
Preloading 0 native plugins for Editor in 0.00 ms.
Mono: successfully reloaded assembly
- Completed reload, in  1.055 seconds
Domain Reload Profiling:
	ReloadAssembly (1055ms)
		BeginReloadAssembly (96ms)
			ExecutionOrderSort (0ms)
			DisableScriptedObjects (0ms)
			BackupInstance (0ms)
			ReleaseScriptingObjects (0ms)
			CreateAndSetChildDomain (1ms)
		EndReloadAssembly (797ms)
			LoadAssemblies (94ms)
			RebuildTransferFunctionScriptingTraits (0ms)
			SetupTypeCache (192ms)
			ReleaseScriptCaches (0ms)
			RebuildScriptCaches (41ms)
			SetupLoadedEditorAssemblies (480ms)
				LogAssemblyErrors (0ms)
				InitializePlatformSupportModulesInManaged (12ms)
				SetLoadedEditorAssemblies (0ms)
				RefreshPlugins (180ms)
				BeforeProcessingInitializeOnLoad (2ms)
				ProcessInitializeOnLoadAttributes (216ms)
				ProcessInitializeOnLoadMethodAttributes (69ms)
				AfterProcessingInitializeOnLoad (0ms)
				EditorAssembliesLoaded (0ms)
			ExecutionOrderSort2 (0ms)
			AwakeInstancesAfterBackupRestoration (0ms)
Platform modules already initialized, skipping
Registering precompiled user dll's ...
Registered in 0.009693 seconds.
Begin MonoManager ReloadAssembly
Symbol file LoadedFromMemory doesn't match image C:\Users\uchen\OneDrive\Desktop\Unity\Unity Projects\the-lost-penguin\the-lost-penguin\Library\PackageCache\com.unity.visualscripting@1.7.8\Editor\VisualScripting.Core\Dependencies\YamlDotNet\Unity.VisualScripting.YamlDotNet.dll
Symbol file LoadedFromMemory doesn't match image C:\Users\uchen\OneDrive\Desktop\Unity\Unity Projects\the-lost-penguin\the-lost-penguin\Library\PackageCache\com.unity.visualscripting@1.7.8\Editor\VisualScripting.Core\Dependencies\DotNetZip\Unity.VisualScripting.IonicZip.dll
Native extension for WindowsStandalone target not found
Native extension for WebGL target not found
Refreshing native plugins compatible for Editor in 210.75 ms, found 3 plugins.
Preloading 0 native plugins for Editor in 0.00 ms.
Mono: successfully reloaded assembly
- Completed reload, in  1.971 seconds
Domain Reload Profiling:
	ReloadAssembly (1972ms)
		BeginReloadAssembly (140ms)
			ExecutionOrderSort (0ms)
			DisableScriptedObjects (8ms)
			BackupInstance (0ms)
			ReleaseScriptingObjects (0ms)
			CreateAndSetChildDomain (24ms)
		EndReloadAssembly (1671ms)
			LoadAssemblies (106ms)
			RebuildTransferFunctionScriptingTraits (0ms)
			SetupTypeCache (467ms)
			ReleaseScriptCaches (2ms)
			RebuildScriptCaches (105ms)
			SetupLoadedEditorAssemblies (901ms)
				LogAssemblyErrors (0ms)
				InitializePlatformSupportModulesInManaged (9ms)
				SetLoadedEditorAssemblies (0ms)
				RefreshPlugins (211ms)
				BeforeProcessingInitializeOnLoad (180ms)
				ProcessInitializeOnLoadAttributes (378ms)
				ProcessInitializeOnLoadMethodAttributes (116ms)
				AfterProcessingInitializeOnLoad (6ms)
				EditorAssembliesLoaded (0ms)
			ExecutionOrderSort2 (0ms)
			AwakeInstancesAfterBackupRestoration (10ms)
Platform modules already initialized, skipping
========================================================================
Worker process is ready to serve import requests
Failed to load shader (instanceID 556, GUID 493b79ea9c9be44ed8b702014d3ac49c)
Failed to load shader (instanceID 570, GUID 9c442dc870b456e48b615cd8add0e9ef)
Launched and connected shader compiler UnityShaderCompiler.exe after 0.09 seconds
Refreshing native plugins compatible for Editor in 2.17 ms, found 3 plugins.
Preloading 0 native plugins for Editor in 0.00 ms.
Unloading 5188 Unused Serialized files (Serialized files now loaded: 0)
Unloading 36 unused Assets / (0.7 MB). Loaded Objects now: 5642.
Memory consumption went from 205.2 MB to 204.5 MB.
Total: 5.244000 ms (FindLiveObjects: 0.605200 ms CreateObjectMapping: 0.770900 ms MarkObjects: 3.420700 ms  DeleteObjects: 0.445700 ms)

AssetImportParameters requested are different than current active one (requested -> active):
  custom:video-decoder-ogg-theora: a1e56fd34408186e4bbccfd4996cb3dc -> 
  custom:container-muxer-webm: aa71ff27fc2769a1b78a27578f13a17b -> 
  custom:container-demuxer-webm: 4f35f7cbe854078d1ac9338744f61a02 -> 
  custom:video-encoder-webm-vp8: eb34c28f22e8b96e1ab97ce403110664 -> 
  custom:audio-encoder-webm-vorbis: bf7c407c2cedff20999df2af8eb42d56 -> 
  custom:framework-win-MediaFoundation: 216162199b28c13a410421893ffa2e32 -> 
  custom:container-demuxer-ogg: 62fdf1f143b41e24485cea50d1cbac27 -> 
  custom:video-decoder-webm-vp8: 9c59270c3fd7afecdb556c50c9e8de78 -> 
  custom:audio-decoder-ogg-vorbis: bf7c407c2cedff20999df2af8eb42d56 -> 
========================================================================
Received Import Request.
  Time since last request: 5741.690636 seconds.
  path: Assets/_3D Platformer Assets/Models/Kenney Platformer Assets/rocks.fbx
  artifactKey: Guid(5e7be4f00e8e6fd4eae6310d7b8c5190) Importer(815301076,1909f56bfc062723c751e8b465ee728b)
Start importing Assets/_3D Platformer Assets/Models/Kenney Platformer Assets/rocks.fbx using Guid(5e7be4f00e8e6fd4eae6310d7b8c5190) Importer(815301076,1909f56bfc062723c751e8b465ee728b)  -> (artifact id: '0317cdf2ee41cc76f42576a603c51758') in 0.204785 seconds 
========================================================================
Received Import Request.
  Time since last request: 13.863469 seconds.
  path: Assets/Quirky Series Vol.1 [v1.3]/Arctic Vol.1/Prefabs/ArcticFox.prefab
  artifactKey: Guid(8640f86cc1cb10448814047cfd71eec9) Importer(815301076,1909f56bfc062723c751e8b465ee728b)
Start importing Assets/Quirky Series Vol.1 [v1.3]/Arctic Vol.1/Prefabs/ArcticFox.prefab using Guid(8640f86cc1cb10448814047cfd71eec9) Importer(815301076,1909f56bfc062723c751e8b465ee728b)  -> (artifact id: '76bfc654753db46f5f29c599a43dfa25') in 0.740755 seconds 
========================================================================
Received Import Request.
  Time since last request: 2.127552 seconds.
  path: Assets/Quirky Series Vol.1 [v1.3]/Arctic Vol.1/Prefabs/ArcticFox_LOD2.prefab
  artifactKey: Guid(3c38255b236971f439563ca098d7ee0f) Importer(815301076,1909f56bfc062723c751e8b465ee728b)
Start importing Assets/Quirky Series Vol.1 [v1.3]/Arctic Vol.1/Prefabs/ArcticFox_LOD2.prefab using Guid(3c38255b236971f439563ca098d7ee0f) Importer(815301076,1909f56bfc062723c751e8b465ee728b)  -> (artifact id: 'db84ef80b0fd55c56aeb18484c41b3b8') in 0.042996 seconds 
========================================================================
Received Import Request.
  Time since last request: 0.000036 seconds.
  path: Assets/_3D Platformer Assets/Models/Kenney Platformer Assets/arrow.fbx
  artifactKey: Guid(1972798036452a44abb5957fe3fe8dd1) Importer(815301076,1909f56bfc062723c751e8b465ee728b)
Start importing Assets/_3D Platformer Assets/Models/Kenney Platformer Assets/arrow.fbx using Guid(1972798036452a44abb5957fe3fe8dd1) Importer(815301076,1909f56bfc062723c751e8b465ee728b)  -> (artifact id: '3580c1c38c866a9b018870d4d9d75e38') in 0.110725 seconds 
========================================================================
Received Import Request.
  Time since last request: 0.003453 seconds.
  path: Assets/Quirky Series Vol.1 [v1.3]/Arctic Vol.1/Animations/Penguin_Animations.fbx
  artifactKey: Guid(f59f36aa0db265544b1c07c07a120fa3) Importer(815301076,1909f56bfc062723c751e8b465ee728b)
Start importing Assets/Quirky Series Vol.1 [v1.3]/Arctic Vol.1/Animations/Penguin_Animations.fbx using Guid(f59f36aa0db265544b1c07c07a120fa3) Importer(815301076,1909f56bfc062723c751e8b465ee728b)  -> (artifact id: '4bb55538ea5410b53b64c69db4cbf373') in 0.066085 seconds 
========================================================================
Received Import Request.
  Time since last request: 0.441449 seconds.
  path: Assets/Quirky Series Vol.1 [v1.3]/Arctic Vol.1/Animations/PolarBear_Animations.fbx
  artifactKey: Guid(05c4576ac5b0c58449cde65534b5811e) Importer(815301076,1909f56bfc062723c751e8b465ee728b)
Start importing Assets/Quirky Series Vol.1 [v1.3]/Arctic Vol.1/Animations/PolarBear_Animations.fbx using Guid(05c4576ac5b0c58449cde65534b5811e) Importer(815301076,1909f56bfc062723c751e8b465ee728b)  -> (artifact id: 'd76d3f3f25d17caa1c95a9f93f0faa1a') in 0.078992 seconds 
========================================================================
Received Import Request.
  Time since last request: 0.000035 seconds.
  path: Assets/_3D Platformer Assets/Models/Kenney Platformer Assets/barrel.fbx
  artifactKey: Guid(46a10d8605afb73459e1010af6c2787b) Importer(815301076,1909f56bfc062723c751e8b465ee728b)
Start importing Assets/_3D Platformer Assets/Models/Kenney Platformer Assets/barrel.fbx using Guid(46a10d8605afb73459e1010af6c2787b) Importer(815301076,1909f56bfc062723c751e8b465ee728b)  -> (artifact id: '6c868ed0c37e37c5daf6bfa0d23e58bb') in 0.151679 seconds 
========================================================================
Received Import Request.
  Time since last request: 0.000039 seconds.
  path: Assets/_3D Platformer Assets/Models/EndPost.fbx
  artifactKey: Guid(0e5453626ba5c3648b0e84cd7a8613ee) Importer(815301076,1909f56bfc062723c751e8b465ee728b)
Start importing Assets/_3D Platformer Assets/Models/EndPost.fbx using Guid(0e5453626ba5c3648b0e84cd7a8613ee) Importer(815301076,1909f56bfc062723c751e8b465ee728b)  -> (artifact id: '307af61853b08b3f3ccb632831a592eb') in 0.215902 seconds 
========================================================================
Received Import Request.
  Time since last request: 0.085388 seconds.
  path: Assets/_3D Platformer Assets/Models/Kenney Platformer Assets/blockCliff.fbx
  artifactKey: Guid(156d9952f9f54dd4fbda5af6fe02bab3) Importer(815301076,1909f56bfc062723c751e8b465ee728b)
Start importing Assets/_3D Platformer Assets/Models/Kenney Platformer Assets/blockCliff.fbx using Guid(156d9952f9f54dd4fbda5af6fe02bab3) Importer(815301076,1909f56bfc062723c751e8b465ee728b)  -> (artifact id: '3dce6dbbe563eb8f193c69e1753e243a') in 0.084584 seconds 
========================================================================
Received Import Request.
  Time since last request: 0.000298 seconds.
  path: Assets/_3D Platformer Assets/Models/Kenney Platformer Assets/blockCurveHalf.fbx
  artifactKey: Guid(2e1eff27bc53cc945ad051372ae55e8e) Importer(815301076,1909f56bfc062723c751e8b465ee728b)
Start importing Assets/_3D Platformer Assets/Models/Kenney Platformer Assets/blockCurveHalf.fbx using Guid(2e1eff27bc53cc945ad051372ae55e8e) Importer(815301076,1909f56bfc062723c751e8b465ee728b)  -> (artifact id: '746faf2eb02710727f6b3b1484f2960a') in 0.075069 seconds 
========================================================================
Received Import Request.
  Time since last request: 0.000033 seconds.
  path: Assets/_3D Platformer Assets/Models/Kenney Platformer Assets/blockDirtHalf.fbx
  artifactKey: Guid(d8ffb4d342d488f4cbaf67060fb776e2) Importer(815301076,1909f56bfc062723c751e8b465ee728b)
Start importing Assets/_3D Platformer Assets/Models/Kenney Platformer Assets/blockDirtHalf.fbx using Guid(d8ffb4d342d488f4cbaf67060fb776e2) Importer(815301076,1909f56bfc062723c751e8b465ee728b)  -> (artifact id: 'be9c4914f7e7fc6c8d2ad003b0ed026e') in 0.059315 seconds 
========================================================================
Received Import Request.
  Time since last request: 0.369848 seconds.
  path: Assets/_3D Platformer Assets/Models/Kenney Platformer Assets/blockDirtRampHalf.fbx
  artifactKey: Guid(91c291a94ad03c6449abf7a77c80d724) Importer(815301076,1909f56bfc062723c751e8b465ee728b)
Start importing Assets/_3D Platformer Assets/Models/Kenney Platformer Assets/blockDirtRampHalf.fbx using Guid(91c291a94ad03c6449abf7a77c80d724) Importer(815301076,1909f56bfc062723c751e8b465ee728b)  -> (artifact id: 'c1d1c6d311c5a32a6269d36e4d24042c') in 0.031196 seconds 
========================================================================
Received Import Request.
  Time since last request: 0.069679 seconds.
  path: Assets/_3D Platformer Assets/Models/Kenney Platformer Assets/blockHalf.fbx
  artifactKey: Guid(4031f540fd2552e4390f9701f35f0431) Importer(815301076,1909f56bfc062723c751e8b465ee728b)
Start importing Assets/_3D Platformer Assets/Models/Kenney Platformer Assets/blockHalf.fbx using Guid(4031f540fd2552e4390f9701f35f0431) Importer(815301076,1909f56bfc062723c751e8b465ee728b)  -> (artifact id: '85f21643160a3744ec31af04e01e55a3') in 0.058060 seconds 
========================================================================
Received Import Request.
  Time since last request: 0.000031 seconds.
  path: Assets/_3D Platformer Assets/Models/Kenney Platformer Assets/blockLong.fbx
  artifactKey: Guid(1e81ff19c957c8e43a52f862c5a550a5) Importer(815301076,1909f56bfc062723c751e8b465ee728b)
Start importing Assets/_3D Platformer Assets/Models/Kenney Platformer Assets/blockLong.fbx using Guid(1e81ff19c957c8e43a52f862c5a550a5) Importer(815301076,1909f56bfc062723c751e8b465ee728b)  -> (artifact id: 'c205ba7a10a5cba9eaa73c022b72169b') in 0.048001 seconds 
========================================================================
Received Import Request.
  Time since last request: 0.298269 seconds.
  path: Assets/_3D Platformer Assets/Models/Kenney Platformer Assets/blockMovingRed.fbx
  artifactKey: Guid(dfb69c642651aa94987c518e65d24e06) Importer(815301076,1909f56bfc062723c751e8b465ee728b)
Start importing Assets/_3D Platformer Assets/Models/Kenney Platformer Assets/blockMovingRed.fbx using Guid(dfb69c642651aa94987c518e65d24e06) Importer(815301076,1909f56bfc062723c751e8b465ee728b)  -> (artifact id: '36ac2b56bf6df6888a2dca99946b9360') in 0.044371 seconds 
========================================================================
Received Import Request.
  Time since last request: 0.031789 seconds.
  path: Assets/_3D Platformer Assets/Models/Kenney Platformer Assets/blockRoundedLong.fbx
  artifactKey: Guid(ec9f681d25b62cb47b70942a326b9f90) Importer(815301076,1909f56bfc062723c751e8b465ee728b)
Start importing Assets/_3D Platformer Assets/Models/Kenney Platformer Assets/blockRoundedLong.fbx using Guid(ec9f681d25b62cb47b70942a326b9f90) Importer(815301076,1909f56bfc062723c751e8b465ee728b)  -> (artifact id: 'bd9fce12d8574864f45b7613068ab24d') in 0.060903 seconds 
========================================================================
Received Import Request.
  Time since last request: 0.000529 seconds.
  path: Assets/_3D Platformer Assets/Models/Kenney Platformer Assets/blockRoundedLowLong.fbx
  artifactKey: Guid(c684eb9f4002b31429c7bd37864e25ec) Importer(815301076,1909f56bfc062723c751e8b465ee728b)
Start importing Assets/_3D Platformer Assets/Models/Kenney Platformer Assets/blockRoundedLowLong.fbx using Guid(c684eb9f4002b31429c7bd37864e25ec) Importer(815301076,1909f56bfc062723c751e8b465ee728b)  -> (artifact id: 'df7fac5ccabf60c1214b108e79f710fa') in 0.036488 seconds 
========================================================================
Received Import Request.
  Time since last request: 0.269758 seconds.
  path: Assets/_3D Platformer Assets/Models/Kenney Platformer Assets/blockSlopeHalf.fbx
  artifactKey: Guid(cc79f8011928f3a489cc944a7a46afa3) Importer(815301076,1909f56bfc062723c751e8b465ee728b)
Start importing Assets/_3D Platformer Assets/Models/Kenney Platformer Assets/blockSlopeHalf.fbx using Guid(cc79f8011928f3a489cc944a7a46afa3) Importer(815301076,1909f56bfc062723c751e8b465ee728b)  -> (artifact id: 'baade9d97a2dc245482be53251fde347') in 0.064859 seconds 
========================================================================
Received Import Request.
  Time since last request: 0.013026 seconds.
  path: Assets/_3D Platformer Assets/Models/Boss Shot.fbx
  artifactKey: Guid(b5e9513f0655c61439092eb3b329a9f4) Importer(815301076,1909f56bfc062723c751e8b465ee728b)
Start importing Assets/_3D Platformer Assets/Models/Boss Shot.fbx using Guid(b5e9513f0655c61439092eb3b329a9f4) Importer(815301076,1909f56bfc062723c751e8b465ee728b) Shader error in 'Shader Graphs/Coin': Couldn't open include file 'Packages/com.unity.render-pipelines.core/ShaderLibrary/Color.hlsl'. at line 943

Compiling Subshader: 0, Pass: ShadowCaster, Vertex program with <no keywords>
Platform defines: SHADER_API_DESKTOP UNITY_COLORSPACE_GAMMA UNITY_ENABLE_DETAIL_NORMALMAP UNITY_ENABLE_REFLECTION_BUFFERS UNITY_LIGHTMAP_FULL_HDR UNITY_LIGHT_PROBE_PROXY_VOLUME UNITY_PASS_SHADOWCASTER UNITY_PBS_USE_BRDF1 UNITY_SPECCUBE_BLENDING UNITY_SPECCUBE_BOX_PROJECTION UNITY_USE_DITHER_MASK_FOR_ALPHABLENDED_SHADOWS
Disabled keywords: DOTS_INSTANCING_ON INSTANCING_ON SHADER_API_GLES30 UNITY_ASTC_NORMALMAP_ENCODING UNITY_ENABLE_NATIVE_SHADOW_LOOKUPS UNITY_FRAMEBUFFER_FETCH_AVAILABLE UNITY_HALF_PRECISION_FRAGMENT_SHADER_REGISTERS UNITY_HARDWARE_TIER1 UNITY_HARDWARE_TIER2 UNITY_HARDWARE_TIER3 UNITY_LIGHTMAP_DLDR_ENCODING UNITY_LIGHTMAP_RGBM_ENCODING UNITY_METAL_SHADOWS_USE_POINT_FILTERING UNITY_NO_DXT5nm UNITY_NO_FULL_STANDARD_SHADER UNITY_NO_SCREENSPACE_SHADOWS UNITY_PBS_USE_BRDF2 UNITY_PBS_USE_BRDF3 UNITY_PRETRANSFORM_TO_DISPLAY_ORIENTATION UNITY_UNIFIED_SHADER_PRECISION_MODEL UNITY_VIRTUAL_TEXTURING _CASTING_PUNCTUAL_LIGHT_SHADOW
 -> (artifact id: '7362b4e7850b8ceeb0501ca773446c70') in 0.097178 seconds 
========================================================================
Received Import Request.
  Time since last request: 0.000038 seconds.
  path: Assets/_3D Platformer Assets/Audio/SFX/Boss_Death.wav
  artifactKey: Guid(e78db36d9dfe0194283a4af164cdaa9c) Importer(815301076,1909f56bfc062723c751e8b465ee728b)
Start importing Assets/_3D Platformer Assets/Audio/SFX/Boss_Death.wav using Guid(e78db36d9dfe0194283a4af164cdaa9c) Importer(815301076,1909f56bfc062723c751e8b465ee728b)  -> (artifact id: '1935b19b3cc4eeea2c387c31d6ced28d') in 0.119441 seconds 
========================================================================
Received Import Request.
  Time since last request: 0.096532 seconds.
  path: Assets/_3D Platformer Assets/Models/Kenney Platformer Assets/bridge.fbx
  artifactKey: Guid(d1fd80e41884c5344a320e07a88ae5b1) Importer(815301076,1909f56bfc062723c751e8b465ee728b)
Start importing Assets/_3D Platformer Assets/Models/Kenney Platformer Assets/bridge.fbx using Guid(d1fd80e41884c5344a320e07a88ae5b1) Importer(815301076,1909f56bfc062723c751e8b465ee728b)  -> (artifact id: '9f4365af30eec16b9263df142e8931f8') in 0.055397 seconds 
========================================================================
Received Import Request.
  Time since last request: 0.030013 seconds.
  path: Assets/_3D Platformer Assets/Models/Kenney Platformer Assets/bridgeRamp.fbx
  artifactKey: Guid(27dc15087b65a364c8e35ffd79ea5f7c) Importer(815301076,1909f56bfc062723c751e8b465ee728b)
Start importing Assets/_3D Platformer Assets/Models/Kenney Platformer Assets/bridgeRamp.fbx using Guid(27dc15087b65a364c8e35ffd79ea5f7c) Importer(815301076,1909f56bfc062723c751e8b465ee728b)  -> (artifact id: 'c6a05137aacb55b5e46d46b676c82e40') in 0.061589 seconds 
========================================================================
Received Import Request.
  Time since last request: 0.402728 seconds.
  path: Assets/Collection/UI/Button_Hover.png
  artifactKey: Guid(6698201312cc6de4fa4131bf1177666e) Importer(815301076,1909f56bfc062723c751e8b465ee728b)
Start importing Assets/Collection/UI/Button_Hover.png using Guid(6698201312cc6de4fa4131bf1177666e) Importer(815301076,1909f56bfc062723c751e8b465ee728b)  -> (artifact id: '95333c30fe3a358dc2e21288099d17c2') in 0.086344 seconds 
========================================================================
Received Import Request.
  Time since last request: 0.000108 seconds.
  path: Assets/_3D Platformer Assets/Models/Kenney Platformer Assets/buttonSquare.fbx
  artifactKey: Guid(6a2c0ed338f86ad4d8d476a34a72e953) Importer(815301076,1909f56bfc062723c751e8b465ee728b)
Start importing Assets/_3D Platformer Assets/Models/Kenney Platformer Assets/buttonSquare.fbx using Guid(6a2c0ed338f86ad4d8d476a34a72e953) Importer(815301076,1909f56bfc062723c751e8b465ee728b)  -> (artifact id: '27ccc8e599154f1e55e4649d83fd9e8d') in 0.129779 seconds 
========================================================================
Received Import Request.
  Time since last request: 0.358749 seconds.
  path: Assets/_3D Platformer Assets/Audio/SFX/Coin.aif
  artifactKey: Guid(e4d130bae2b72d04a9776c2d158bab95) Importer(815301076,1909f56bfc062723c751e8b465ee728b)
Start importing Assets/_3D Platformer Assets/Audio/SFX/Coin.aif using Guid(e4d130bae2b72d04a9776c2d158bab95) Importer(815301076,1909f56bfc062723c751e8b465ee728b)  -> (artifact id: 'ed1101ba0ff3dddc71c36bd92b1452cb') in 0.042096 seconds 
========================================================================
Received Import Request.
  Time since last request: 0.052446 seconds.
  path: Assets/_3D Platformer Assets/Models/Coin.fbx
  artifactKey: Guid(fc8924a8e7b12ea42871d853411c6453) Importer(815301076,1909f56bfc062723c751e8b465ee728b)
Start importing Assets/_3D Platformer Assets/Models/Coin.fbx using Guid(fc8924a8e7b12ea42871d853411c6453) Importer(815301076,1909f56bfc062723c751e8b465ee728b)  -> (artifact id: 'a2a7c2d5066075b66f8214453dcf0fc1') in 0.042537 seconds 
========================================================================
Received Import Request.
  Time since last request: 0.302190 seconds.
  path: Assets/_3D Platformer Assets/Material/Coin Inlay.mat
  artifactKey: Guid(a85cb0f7ea3769c4d9e8bff51f29c1e1) Importer(815301076,1909f56bfc062723c751e8b465ee728b)
Start importing Assets/_3D Platformer Assets/Material/Coin Inlay.mat using Guid(a85cb0f7ea3769c4d9e8bff51f29c1e1) Importer(815301076,1909f56bfc062723c751e8b465ee728b) Shader error in 'Shader Graphs/Coin': Couldn't open include file 'Packages/com.unity.render-pipelines.core/ShaderLibrary/Color.hlsl'. at line 943

Compiling Subshader: 0, Pass: ShadowCaster, Vertex program with <no keywords>
Platform defines: SHADER_API_DESKTOP UNITY_COLORSPACE_GAMMA UNITY_ENABLE_DETAIL_NORMALMAP UNITY_ENABLE_REFLECTION_BUFFERS UNITY_LIGHTMAP_FULL_HDR UNITY_LIGHT_PROBE_PROXY_VOLUME UNITY_PASS_SHADOWCASTER UNITY_PBS_USE_BRDF1 UNITY_SPECCUBE_BLENDING UNITY_SPECCUBE_BOX_PROJECTION UNITY_USE_DITHER_MASK_FOR_ALPHABLENDED_SHADOWS
Disabled keywords: DOTS_INSTANCING_ON INSTANCING_ON SHADER_API_GLES30 UNITY_ASTC_NORMALMAP_ENCODING UNITY_ENABLE_NATIVE_SHADOW_LOOKUPS UNITY_FRAMEBUFFER_FETCH_AVAILABLE UNITY_HALF_PRECISION_FRAGMENT_SHADER_REGISTERS UNITY_HARDWARE_TIER1 UNITY_HARDWARE_TIER2 UNITY_HARDWARE_TIER3 UNITY_LIGHTMAP_DLDR_ENCODING UNITY_LIGHTMAP_RGBM_ENCODING UNITY_METAL_SHADOWS_USE_POINT_FILTERING UNITY_NO_DXT5nm UNITY_NO_FULL_STANDARD_SHADER UNITY_NO_SCREENSPACE_SHADOWS UNITY_PBS_USE_BRDF2 UNITY_PBS_USE_BRDF3 UNITY_PRETRANSFORM_TO_DISPLAY_ORIENTATION UNITY_UNIFIED_SHADER_PRECISION_MODEL UNITY_VIRTUAL_TEXTURING _CASTING_PUNCTUAL_LIGHT_SHADOW
 -> (artifact id: '0242fe4724ee83a6da0959b43665af21') in 0.031203 seconds 
========================================================================
Received Import Request.
  Time since last request: 0.027302 seconds.
  path: Assets/Collection/coinGold.fbx
  artifactKey: Guid(41e324810e678f74b920c38227e3c354) Importer(815301076,1909f56bfc062723c751e8b465ee728b)
Start importing Assets/Collection/coinGold.fbx using Guid(41e324810e678f74b920c38227e3c354) Importer(815301076,1909f56bfc062723c751e8b465ee728b)  -> (artifact id: 'ff30c729fd08116e6f12936a1b43dc42') in 0.065190 seconds 
========================================================================
Received Import Request.
  Time since last request: 0.000042 seconds.
  path: Assets/_3D Platformer Assets/Models/Kenney Platformer Assets/crateItemStrong.fbx
  artifactKey: Guid(e3cd872120929c94bad23826a3861eb4) Importer(815301076,1909f56bfc062723c751e8b465ee728b)
Start importing Assets/_3D Platformer Assets/Models/Kenney Platformer Assets/crateItemStrong.fbx using Guid(e3cd872120929c94bad23826a3861eb4) Importer(815301076,1909f56bfc062723c751e8b465ee728b)  -> (artifact id: 'f41194b4a8df784464a81644942df591') in 0.153722 seconds 
========================================================================
Received Import Request.
  Time since last request: 0.200301 seconds.
  path: Assets/Collection/Crucian Carp/cruscarp.fbx
  artifactKey: Guid(ea611b820be4f3b45b5796f4a126cf23) Importer(815301076,1909f56bfc062723c751e8b465ee728b)
Start importing Assets/Collection/Crucian Carp/cruscarp.fbx using Guid(ea611b820be4f3b45b5796f4a126cf23) Importer(815301076,1909f56bfc062723c751e8b465ee728b)  -> (artifact id: 'f8df0812357402fb428d6d717d98f038') in 0.063457 seconds 
========================================================================
Received Import Request.
  Time since last request: 0.000116 seconds.
  path: Assets/Collection/Crucian Carp/cruscarp.png
  artifactKey: Guid(4a8e000abcb74924cae70c8b19b10b30) Importer(815301076,1909f56bfc062723c751e8b465ee728b)
Start importing Assets/Collection/Crucian Carp/cruscarp.png using Guid(4a8e000abcb74924cae70c8b19b10b30) Importer(815301076,1909f56bfc062723c751e8b465ee728b)  -> (artifact id: '2d888f3bf241e7c48b768b60794b3ff1') in 0.051892 seconds 
========================================================================
Received Import Request.
  Time since last request: 0.000057 seconds.
  path: Assets/Low poly snowy lands/Models/Ice/IceBlock_01.fbx
  artifactKey: Guid(112f007ac23d97a4a9d3c18cd7489fd9) Importer(815301076,1909f56bfc062723c751e8b465ee728b)
Start importing Assets/Low poly snowy lands/Models/Ice/IceBlock_01.fbx using Guid(112f007ac23d97a4a9d3c18cd7489fd9) Importer(815301076,1909f56bfc062723c751e8b465ee728b)  -> (artifact id: '2201c693fed6cf4ca3e87aa2fc726f14') in 0.079109 seconds 
========================================================================
Received Import Request.
  Time since last request: 0.258464 seconds.
  path: Assets/_3D Platformer Assets/Models/Rocks/Rock 3.fbx
  artifactKey: Guid(fee62046f7ee83f4cb6d542c5acb068a) Importer(815301076,1909f56bfc062723c751e8b465ee728b)
Start importing Assets/_3D Platformer Assets/Models/Rocks/Rock 3.fbx using Guid(fee62046f7ee83f4cb6d542c5acb068a) Importer(815301076,1909f56bfc062723c751e8b465ee728b)  -> (artifact id: '48d65183671a186cc6477a252503c15b') in 0.076658 seconds 
========================================================================
Received Import Request.
  Time since last request: 0.000284 seconds.
  path: Assets/Low poly snowy lands/Models/Trees/Tree_08.fbx
  artifactKey: Guid(50f69852b0a51474bb33633e09027bbe) Importer(815301076,1909f56bfc062723c751e8b465ee728b)
Start importing Assets/Low poly snowy lands/Models/Trees/Tree_08.fbx using Guid(50f69852b0a51474bb33633e09027bbe) Importer(815301076,1909f56bfc062723c751e8b465ee728b)  -> (artifact id: '84a5a52221f1ab511f91cea1cd7afb6c') in 0.093161 seconds 
========================================================================
Received Import Request.
  Time since last request: 0.000293 seconds.
  path: Assets/Low poly snowy lands/Models/Trees/Tree_04.fbx
  artifactKey: Guid(bc01dabf81c08c04992859d95aa39df3) Importer(815301076,1909f56bfc062723c751e8b465ee728b)
Start importing Assets/Low poly snowy lands/Models/Trees/Tree_04.fbx using Guid(bc01dabf81c08c04992859d95aa39df3) Importer(815301076,1909f56bfc062723c751e8b465ee728b)  -> (artifact id: '8d2074f199dd5af0a4cd7e472ebae11f') in 0.065208 seconds 
========================================================================
Received Import Request.
  Time since last request: 0.000049 seconds.
  path: Assets/Low poly snowy lands/Models/Trees/Tree_03.fbx
  artifactKey: Guid(57dc01117f7e5b34ba91ff0eb81587ba) Importer(815301076,1909f56bfc062723c751e8b465ee728b)
Start importing Assets/Low poly snowy lands/Models/Trees/Tree_03.fbx using Guid(57dc01117f7e5b34ba91ff0eb81587ba) Importer(815301076,1909f56bfc062723c751e8b465ee728b)  -> (artifact id: 'cc9208f19ebcd6fa33e34868d45e0843') in 0.089040 seconds 
========================================================================
Received Import Request.
  Time since last request: 0.000037 seconds.
  path: Assets/Low poly snowy lands/Models/Trees/Tree_03_+_snow.fbx
  artifactKey: Guid(e285f63a29b2a8c4490aff1ed4ed45d9) Importer(815301076,1909f56bfc062723c751e8b465ee728b)
Start importing Assets/Low poly snowy lands/Models/Trees/Tree_03_+_snow.fbx using Guid(e285f63a29b2a8c4490aff1ed4ed45d9) Importer(815301076,1909f56bfc062723c751e8b465ee728b)  -> (artifact id: '48fcb7672b99b296e10c3e37a836b875') in 0.094359 seconds 
========================================================================
Received Import Request.
  Time since last request: 0.000039 seconds.
  path: Assets/Low poly snowy lands/Models/Trees/Tree_01_+_snow.fbx
  artifactKey: Guid(67a1b5458c43f0945bc978429f4837f7) Importer(815301076,1909f56bfc062723c751e8b465ee728b)
Start importing Assets/Low poly snowy lands/Models/Trees/Tree_01_+_snow.fbx using Guid(67a1b5458c43f0945bc978429f4837f7) Importer(815301076,1909f56bfc062723c751e8b465ee728b)  -> (artifact id: '0a5741b22059532b1616eef10e5d6afd') in 0.108948 seconds 
========================================================================
Received Import Request.
  Time since last request: 0.000216 seconds.
  path: Assets/Low poly snowy lands/Models/Trees/Tree_07.fbx
  artifactKey: Guid(1b36135e804c44845b30f2db4fc77a5a) Importer(815301076,1909f56bfc062723c751e8b465ee728b)
Start importing Assets/Low poly snowy lands/Models/Trees/Tree_07.fbx using Guid(1b36135e804c44845b30f2db4fc77a5a) Importer(815301076,1909f56bfc062723c751e8b465ee728b)  -> (artifact id: '562875953649150f286a5a5d4e825aa2') in 0.124280 seconds 
========================================================================
Received Import Request.
  Time since last request: 0.000042 seconds.
  path: Assets/Low poly snowy lands/Models/Trees/Tree_07_+_snow.fbx
  artifactKey: Guid(6216c256d62b531429b6f310ce286236) Importer(815301076,1909f56bfc062723c751e8b465ee728b)
Start importing Assets/Low poly snowy lands/Models/Trees/Tree_07_+_snow.fbx using Guid(6216c256d62b531429b6f310ce286236) Importer(815301076,1909f56bfc062723c751e8b465ee728b)  -> (artifact id: '5cbb9386e08042383b1cceed8ecdec2d') in 0.083591 seconds 
========================================================================
Received Import Request.
  Time since last request: 0.048638 seconds.
  path: Assets/_3D Platformer Assets/Material/_Shaders/DepthFade.shadersubgraph
  artifactKey: Guid(72f4f0796248ac14791c4e0b876e0c1d) Importer(815301076,1909f56bfc062723c751e8b465ee728b)
Start importing Assets/_3D Platformer Assets/Material/_Shaders/DepthFade.shadersubgraph using Guid(72f4f0796248ac14791c4e0b876e0c1d) Importer(815301076,1909f56bfc062723c751e8b465ee728b)  -> (artifact id: 'c973ed5543ed92a7797c0b61029215a7') in 0.018467 seconds 
